-----------Configuration-----------
seed: 2023
dataSetName: gowalla
data_path: ./data/gowalla/
fake_num: 100
batch_size: 4096
hidden_dim: 1
n_layers: 0
load_weight: False
load_epoch: 0
load_path: ./data/gowalla/
epochs: 1000
lr: 0.001
decay: 0
topk: 20
----------------End----------------
device: cuda
/home/gzy/RS/LightGCN/DataSet.py:54: UserWarning: Sparse CSR tensor support is in beta state. If you miss a functionality in the sparse tensor support, please submit a feature request to https://github.com/pytorch/pytorch/issues. (Triggered internally at ../aten/src/ATen/SparseCsrTensorImpl.cpp:54.)
  self.norm_adj_matrix: Tensor = torch.sparse.mm(torch.sparse.mm(
用户数： 29858
物品数： 40981
用户节点度数最大值： 811
用户节点度数最小值： 8
物品节点度数最大值： 1415
物品节点度数最小值： 1
